2023-02-06 11:22:26,582 INFO o.s.b.StartupInfoLogger [main] Starting PayAppApplication using Java 11.0.2 on DESKTOP-4JROMD0 with PID 5132 (C:\Users\Aniket Kumar\eclipse-workspace\payApp\bin\main started by Aniket Kumar in C:\Users\Aniket Kumar\eclipse-workspace\payApp)
2023-02-06 11:22:26,650 DEBUG o.s.b.StartupInfoLogger [main] Running with Spring Boot v2.7.7, Spring v5.3.24
2023-02-06 11:22:26,652 INFO o.s.b.SpringApplication [main] No active profile set, falling back to 1 default profile: "default"
2023-02-06 11:23:06,285 INFO o.s.b.StartupInfoLogger [main] Starting PayAppApplication using Java 11.0.2 on DESKTOP-4JROMD0 with PID 9728 (C:\Users\Aniket Kumar\eclipse-workspace\payApp\bin\main started by Aniket Kumar in C:\Users\Aniket Kumar\eclipse-workspace\payApp)
2023-02-06 11:23:06,303 DEBUG o.s.b.StartupInfoLogger [main] Running with Spring Boot v2.7.7, Spring v5.3.24
2023-02-06 11:23:06,308 INFO o.s.b.SpringApplication [main] No active profile set, falling back to 1 default profile: "default"
2023-02-06 11:25:12,994 INFO o.s.b.StartupInfoLogger [main] Starting PayAppApplication using Java 11.0.2 on DESKTOP-4JROMD0 with PID 848 (C:\Users\Aniket Kumar\eclipse-workspace\payApp\bin\main started by Aniket Kumar in C:\Users\Aniket Kumar\eclipse-workspace\payApp)
2023-02-06 11:25:13,003 DEBUG o.s.b.StartupInfoLogger [main] Running with Spring Boot v2.7.7, Spring v5.3.24
2023-02-06 11:25:13,008 INFO o.s.b.SpringApplication [main] No active profile set, falling back to 1 default profile: "default"
2023-02-06 11:25:20,125 INFO o.s.b.StartupInfoLogger [main] Started PayAppApplication in 7.56 seconds (JVM running for 8.547)
2023-02-06 11:25:20,133 INFO c.e.p.PayAppApplication [main] Welcome To the Pay App enjoy your secure payment App
2023-02-06 11:25:20,134 INFO c.e.p.PayAppApplication [main] Use this link to fetch the swagger Documentation
2023-02-06 11:25:20,134 INFO c.e.p.PayAppApplication [main] http://localhost:8080/swagger-ui.html
2023-02-06 11:50:21,154 INFO o.s.b.StartupInfoLogger [main] Starting PayAppApplication using Java 11.0.2 on DESKTOP-4JROMD0 with PID 6904 (C:\Users\Aniket Kumar\eclipse-workspace\payApp\bin\main started by Aniket Kumar in C:\Users\Aniket Kumar\eclipse-workspace\payApp)
2023-02-06 11:50:21,174 DEBUG o.s.b.StartupInfoLogger [main] Running with Spring Boot v2.7.7, Spring v5.3.24
2023-02-06 11:50:21,177 INFO o.s.b.SpringApplication [main] No active profile set, falling back to 1 default profile: "default"
2023-02-06 11:50:31,485 INFO o.s.b.StartupInfoLogger [main] Started PayAppApplication in 11.129 seconds (JVM running for 12.999)
2023-02-06 11:50:31,494 INFO c.e.p.PayAppApplication [main] Welcome To the Pay App enjoy your secure payment App
2023-02-06 11:50:31,494 INFO c.e.p.PayAppApplication [main] Use this link to fetch the swagger Documentation
2023-02-06 11:50:31,494 INFO c.e.p.PayAppApplication [main] http://localhost:8080/swagger-ui.html
2023-02-06 12:07:32,969 INFO o.s.b.StartupInfoLogger [main] Starting PayAppApplication using Java 11.0.2 on DESKTOP-4JROMD0 with PID 560 (C:\Users\Aniket Kumar\eclipse-workspace\payApp\bin\main started by Aniket Kumar in C:\Users\Aniket Kumar\eclipse-workspace\payApp)
2023-02-06 12:07:32,985 DEBUG o.s.b.StartupInfoLogger [main] Running with Spring Boot v2.7.7, Spring v5.3.24
2023-02-06 12:07:32,988 INFO o.s.b.SpringApplication [main] No active profile set, falling back to 1 default profile: "default"
2023-02-06 12:08:00,956 INFO o.s.b.StartupInfoLogger [main] Starting PayAppApplication using Java 11.0.2 on DESKTOP-4JROMD0 with PID 5968 (C:\Users\Aniket Kumar\eclipse-workspace\payApp\bin\main started by Aniket Kumar in C:\Users\Aniket Kumar\eclipse-workspace\payApp)
2023-02-06 12:08:00,966 DEBUG o.s.b.StartupInfoLogger [main] Running with Spring Boot v2.7.7, Spring v5.3.24
2023-02-06 12:08:00,967 INFO o.s.b.SpringApplication [main] The following 1 profile is active: "dev"
2023-02-06 12:10:57,661 INFO o.s.b.StartupInfoLogger [main] Starting PayAppApplication using Java 11.0.2 on DESKTOP-4JROMD0 with PID 11720 (C:\Users\Aniket Kumar\eclipse-workspace\payApp\bin\main started by Aniket Kumar in C:\Users\Aniket Kumar\eclipse-workspace\payApp)
2023-02-06 12:10:57,680 DEBUG o.s.b.StartupInfoLogger [main] Running with Spring Boot v2.7.7, Spring v5.3.24
2023-02-06 12:10:57,682 INFO o.s.b.SpringApplication [main] The following 1 profile is active: "dev"
2023-02-06 12:12:27,182 INFO o.s.b.StartupInfoLogger [main] Starting PayAppApplication using Java 11.0.2 on DESKTOP-4JROMD0 with PID 5096 (C:\Users\Aniket Kumar\eclipse-workspace\payApp\bin\main started by Aniket Kumar in C:\Users\Aniket Kumar\eclipse-workspace\payApp)
2023-02-06 12:12:27,193 DEBUG o.s.b.StartupInfoLogger [main] Running with Spring Boot v2.7.7, Spring v5.3.24
2023-02-06 12:12:27,195 INFO o.s.b.SpringApplication [main] The following 1 profile is active: "dev"
2023-02-06 12:12:33,968 INFO o.s.b.StartupInfoLogger [main] Started PayAppApplication in 7.189 seconds (JVM running for 8.152)
2023-02-06 12:12:33,975 INFO c.e.p.PayAppApplication [main] Welcome To the Pay App enjoy your secure payment App
2023-02-06 12:12:33,975 INFO c.e.p.PayAppApplication [main] Use this link to fetch the swagger Documentation
2023-02-06 12:12:33,975 INFO c.e.p.PayAppApplication [main] http://localhost:8080/swagger-ui.html
2023-02-06 16:17:49,267 INFO o.s.b.StartupInfoLogger [main] Starting PayAppApplication using Java 11.0.2 on DESKTOP-4JROMD0 with PID 5884 (C:\Users\Aniket Kumar\eclipse-workspace\payApp\bin\main started by Aniket Kumar in C:\Users\Aniket Kumar\eclipse-workspace\payApp)
2023-02-06 16:17:49,291 DEBUG o.s.b.StartupInfoLogger [main] Running with Spring Boot v2.7.7, Spring v5.3.24
2023-02-06 16:17:49,292 INFO o.s.b.SpringApplication [main] The following 1 profile is active: "dev"
2023-02-06 16:17:58,202 INFO o.s.b.StartupInfoLogger [main] Started PayAppApplication in 9.484 seconds (JVM running for 10.954)
2023-02-06 16:17:58,213 INFO c.e.p.PayAppApplication [main] Welcome To the Pay App enjoy your secure payment App
2023-02-06 16:17:58,214 INFO c.e.p.PayAppApplication [main] Use this link to fetch the swagger Documentation
2023-02-06 16:17:58,214 INFO c.e.p.PayAppApplication [main] http://localhost:8080/swagger-ui.html
2023-02-06 16:22:09,741 INFO o.s.b.StartupInfoLogger [main] Starting PayAppApplication using Java 11.0.2 on DESKTOP-4JROMD0 with PID 6292 (C:\Users\Aniket Kumar\eclipse-workspace\payApp\bin\main started by Aniket Kumar in C:\Users\Aniket Kumar\eclipse-workspace\payApp)
2023-02-06 16:22:09,752 DEBUG o.s.b.StartupInfoLogger [main] Running with Spring Boot v2.7.7, Spring v5.3.24
2023-02-06 16:22:09,753 INFO o.s.b.SpringApplication [main] The following 1 profile is active: "dev"
2023-02-06 16:22:17,628 INFO o.s.b.StartupInfoLogger [main] Started PayAppApplication in 8.312 seconds (JVM running for 9.682)
2023-02-06 16:22:17,635 INFO c.e.p.PayAppApplication [main] Welcome To the Pay App enjoy your secure payment App
2023-02-06 16:22:17,636 INFO c.e.p.PayAppApplication [main] Use this link to fetch the swagger Documentation
2023-02-06 16:22:17,636 INFO c.e.p.PayAppApplication [main] http://localhost:8080/swagger-ui.html
2023-02-06 16:24:38,244 INFO o.s.b.StartupInfoLogger [main] Starting PayAppApplication using Java 11.0.2 on DESKTOP-4JROMD0 with PID 6588 (C:\Users\Aniket Kumar\eclipse-workspace\payApp\bin\main started by Aniket Kumar in C:\Users\Aniket Kumar\eclipse-workspace\payApp)
2023-02-06 16:24:38,254 DEBUG o.s.b.StartupInfoLogger [main] Running with Spring Boot v2.7.7, Spring v5.3.24
2023-02-06 16:24:38,255 INFO o.s.b.SpringApplication [main] The following 1 profile is active: "dev"
2023-02-06 16:24:46,722 INFO o.s.b.StartupInfoLogger [main] Started PayAppApplication in 8.901 seconds (JVM running for 10.299)
2023-02-06 16:24:46,730 INFO c.e.p.PayAppApplication [main] Welcome To the Pay App enjoy your secure payment App
2023-02-06 16:24:46,731 INFO c.e.p.PayAppApplication [main] Use this link to fetch the swagger Documentation
2023-02-06 16:24:46,731 INFO c.e.p.PayAppApplication [main] http://localhost:8080/swagger-ui.html
2023-02-06 16:34:12,633 INFO o.s.b.StartupInfoLogger [main] Starting PayAppApplication using Java 11.0.2 on DESKTOP-4JROMD0 with PID 12084 (C:\Users\Aniket Kumar\eclipse-workspace\payApp\bin\main started by Aniket Kumar in C:\Users\Aniket Kumar\eclipse-workspace\payApp)
2023-02-06 16:34:12,645 DEBUG o.s.b.StartupInfoLogger [main] Running with Spring Boot v2.7.7, Spring v5.3.24
2023-02-06 16:34:12,648 INFO o.s.b.SpringApplication [main] The following 1 profile is active: "dev"
2023-02-06 16:34:21,468 INFO o.s.b.StartupInfoLogger [main] Started PayAppApplication in 9.27 seconds (JVM running for 10.794)
2023-02-06 16:34:21,476 INFO c.e.p.PayAppApplication [main] Welcome To the Pay App enjoy your secure payment App
2023-02-06 16:34:21,477 INFO c.e.p.PayAppApplication [main] Use this link to fetch the swagger Documentation
2023-02-06 16:34:21,477 INFO c.e.p.PayAppApplication [main] http://localhost:8080/swagger-ui.html
2023-02-06 18:44:02,647 INFO o.s.b.StartupInfoLogger [main] Starting PayAppApplication using Java 11.0.2 on DESKTOP-4JROMD0 with PID 11468 (C:\Users\Aniket Kumar\eclipse-workspace\payApp\bin\main started by Aniket Kumar in C:\Users\Aniket Kumar\eclipse-workspace\payApp)
2023-02-06 18:44:02,656 DEBUG o.s.b.StartupInfoLogger [main] Running with Spring Boot v2.7.7, Spring v5.3.24
2023-02-06 18:44:02,657 INFO o.s.b.SpringApplication [main] The following 1 profile is active: "dev"
2023-02-06 18:54:40,345 INFO o.s.b.StartupInfoLogger [main] Starting PayAppApplication using Java 11.0.2 on DESKTOP-4JROMD0 with PID 10904 (C:\Users\Aniket Kumar\eclipse-workspace\payApp\bin\main started by Aniket Kumar in C:\Users\Aniket Kumar\eclipse-workspace\payApp)
2023-02-06 18:54:40,355 DEBUG o.s.b.StartupInfoLogger [main] Running with Spring Boot v2.7.7, Spring v5.3.24
2023-02-06 18:54:40,356 INFO o.s.b.SpringApplication [main] The following 1 profile is active: "dev"
2023-02-06 18:58:28,775 INFO o.s.b.StartupInfoLogger [main] Starting PayAppApplication using Java 11.0.2 on DESKTOP-4JROMD0 with PID 8080 (C:\Users\Aniket Kumar\eclipse-workspace\payApp\bin\main started by Aniket Kumar in C:\Users\Aniket Kumar\eclipse-workspace\payApp)
2023-02-06 18:58:28,785 DEBUG o.s.b.StartupInfoLogger [main] Running with Spring Boot v2.7.7, Spring v5.3.24
2023-02-06 18:58:28,786 INFO o.s.b.SpringApplication [main] The following 1 profile is active: "dev"
2023-02-06 18:58:36,861 INFO o.s.b.StartupInfoLogger [main] Started PayAppApplication in 8.51 seconds (JVM running for 9.89)
2023-02-06 18:58:36,868 INFO c.e.p.PayAppApplication [main] Welcome To the Pay App enjoy your secure payment App
2023-02-06 18:58:36,869 INFO c.e.p.PayAppApplication [main] Use this link to fetch the swagger Documentation
2023-02-06 18:58:36,869 INFO c.e.p.PayAppApplication [main] http://localhost:8080/swagger-ui.html
2023-02-06 19:01:14,436 INFO o.s.b.StartupInfoLogger [main] Starting PayAppApplication using Java 11.0.2 on DESKTOP-4JROMD0 with PID 10932 (C:\Users\Aniket Kumar\eclipse-workspace\payApp\bin\main started by Aniket Kumar in C:\Users\Aniket Kumar\eclipse-workspace\payApp)
2023-02-06 19:01:14,448 DEBUG o.s.b.StartupInfoLogger [main] Running with Spring Boot v2.7.7, Spring v5.3.24
2023-02-06 19:01:14,450 INFO o.s.b.SpringApplication [main] The following 1 profile is active: "dev"
2023-02-06 19:01:22,971 INFO o.s.b.StartupInfoLogger [main] Started PayAppApplication in 8.968 seconds (JVM running for 10.323)
2023-02-06 19:01:22,979 INFO c.e.p.PayAppApplication [main] Welcome To the Pay App enjoy your secure payment App
2023-02-06 19:01:22,979 INFO c.e.p.PayAppApplication [main] Use this link to fetch the swagger Documentation
2023-02-06 19:01:22,979 INFO c.e.p.PayAppApplication [main] http://localhost:8080/swagger-ui.html
2023-02-06 19:05:11,439 INFO o.s.b.StartupInfoLogger [main] Starting PayAppApplication using Java 11.0.2 on DESKTOP-4JROMD0 with PID 12384 (C:\Users\Aniket Kumar\eclipse-workspace\payApp\bin\main started by Aniket Kumar in C:\Users\Aniket Kumar\eclipse-workspace\payApp)
2023-02-06 19:05:11,451 DEBUG o.s.b.StartupInfoLogger [main] Running with Spring Boot v2.7.7, Spring v5.3.24
2023-02-06 19:05:11,453 INFO o.s.b.SpringApplication [main] The following 1 profile is active: "dev"
2023-02-06 19:05:20,087 INFO o.s.b.StartupInfoLogger [main] Started PayAppApplication in 9.062 seconds (JVM running for 10.444)
2023-02-06 19:05:20,094 INFO c.e.p.PayAppApplication [main] Welcome To the Pay App enjoy your secure payment App
2023-02-06 19:05:20,095 INFO c.e.p.PayAppApplication [main] Use this link to fetch the swagger Documentation
2023-02-06 19:05:20,095 INFO c.e.p.PayAppApplication [main] http://localhost:8080/swagger-ui.html
